<?xml version="1.0" encoding="UTF-8"?>
<!-- Generated by org.testng.reporters.JUnitReportReporter -->
<testsuite hostname="Akash" failures="0" tests="1" name="test.GooglePageTest" time="16.785" errors="0" timestamp="2022-04-15T11:27:26 IST" skipped="0">
  <testcase classname="test.GooglePageTest" name="gmailTest" time="16.785"/>
  <system-out/>
</testsuite> <!-- test.GooglePageTest -->
