<?xml version="1.0" encoding="UTF-8"?>
<!-- Generated by org.testng.reporters.JUnitReportReporter -->
<testsuite hostname="Akash" failures="0" tests="2" name="test.SimpleTest" time="0.059" errors="0" timestamp="2022-04-15T09:47:02 IST" skipped="0">
  <testcase classname="test.SimpleTest" name="testTitle" time="0.009"/>
  <system-out/>
  <testcase classname="test.SimpleTest" name="testH1Value" time="0.050"/>
  <system-out/>
</testsuite> <!-- test.SimpleTest -->
