<?xml version="1.0" encoding="UTF-8"?>
<!-- Generated by org.testng.reporters.JUnitReportReporter -->
<testsuite hostname="Akash" failures="0" tests="2" name="test.ProductServiceTest" time="0.020" errors="0" timestamp="2022-04-14T11:27:00 IST" skipped="0">
  <testcase classname="test.ProductServiceTest" name="storeProductTest" time="0.010"/>
  <system-out/>
  <testcase classname="test.ProductServiceTest" name="findProductTest" time="0.010"/>
  <system-out/>
</testsuite> <!-- test.ProductServiceTest -->
