<?xml version="1.0" encoding="UTF-8"?>
<!-- Generated by org.testng.reporters.JUnitReportReporter -->
<testsuite hostname="Akash" failures="0" tests="4" name="test.PriorityTest" time="0.012" errors="0" timestamp="2022-04-14T10:35:34 IST" skipped="0">
  <testcase classname="test.PriorityTest" name="b" time="0.009"/>
  <system-out/>
  <testcase classname="test.PriorityTest" name="d" time="0.001"/>
  <system-out/>
  <testcase classname="test.PriorityTest" name="a" time="0.001"/>
  <system-out/>
  <testcase classname="test.PriorityTest" name="c" time="0.001"/>
  <system-out/>
</testsuite> <!-- test.PriorityTest -->
