<?xml version="1.0" encoding="UTF-8"?>
<!-- Generated by org.testng.reporters.JUnitReportReporter -->
<testsuite hostname="Akash" failures="0" tests="1" name="test.BikeTest" time="0.011" errors="0" timestamp="2022-04-14T11:14:30 IST" skipped="0">
  <testcase classname="test.BikeTest" name="bikeLoan" time="0.011"/>
  <system-out/>
</testsuite> <!-- test.BikeTest -->
